<?xml version="1.0" encoding="UTF-8"?>
<testsuite name="blackjack.SuitTest" tests="1" skipped="0" failures="0" errors="0" timestamp="2024-01-24T08:06:29" hostname="Gouravs-MacBook-Air.local" time="0.01">
  <properties/>
  <testcase name="canWeGetHeartSymbol()" classname="blackjack.SuitTest" time="0.01"/>
  <system-out><![CDATA[]]></system-out>
  <system-err><![CDATA[]]></system-err>
</testsuite>
